Traceback (most recent call last):
  File "/run/media/officestorage/karya/blog/libs/lib/python3.11/site-packages/jupyter_cache/executors/utils.py", line 58, in single_nb_execution
    executenb(
  File "/run/media/officestorage/karya/blog/libs/lib/python3.11/site-packages/nbclient/client.py", line 1314, in execute
    return NotebookClient(nb=nb, resources=resources, km=km, **kwargs).execute()
           ^^^^^^^^^^^^^^^^^^^^^^^^^^^^^^^^^^^^^^^^^^^^^^^^^^^^^^^^^^^^^^^^^^^^^
  File "/run/media/officestorage/karya/blog/libs/lib/python3.11/site-packages/jupyter_core/utils/__init__.py", line 165, in wrapped
    return loop.run_until_complete(inner)
           ^^^^^^^^^^^^^^^^^^^^^^^^^^^^^^
  File "/usr/lib/python3.11/asyncio/base_events.py", line 654, in run_until_complete
    return future.result()
           ^^^^^^^^^^^^^^^
  File "/run/media/officestorage/karya/blog/libs/lib/python3.11/site-packages/nbclient/client.py", line 709, in async_execute
    await self.async_execute_cell(
  File "/run/media/officestorage/karya/blog/libs/lib/python3.11/site-packages/nbclient/client.py", line 1062, in async_execute_cell
    await self._check_raise_for_error(cell, cell_index, exec_reply)
  File "/run/media/officestorage/karya/blog/libs/lib/python3.11/site-packages/nbclient/client.py", line 918, in _check_raise_for_error
    raise CellExecutionError.from_cell_and_msg(cell, exec_reply_content)
nbclient.exceptions.CellExecutionError: An error occurred while executing the following cell:
------------------
from sklearn.tree import export_graphviz
export_graphviz(
    clf,
    out_file = 'cache/iristree.dot',
    feature_names = ['SepalLengthCm', 'SepalWidthCm', 'PetalLengthCm', 'PetalWidthCm'],
    class_names = ['Iris-setosa', 'Iris-versicolor', 'Iris-virginica' ],
    rounded= True,
    filled =True)
------------------


[0;31m---------------------------------------------------------------------------[0m
[0;31mFileNotFoundError[0m                         Traceback (most recent call last)
Cell [0;32mIn[13], line 2[0m
[1;32m      1[0m [38;5;28;01mfrom[39;00m [38;5;21;01msklearn[39;00m[38;5;21;01m.[39;00m[38;5;21;01mtree[39;00m [38;5;28;01mimport[39;00m export_graphviz
[0;32m----> 2[0m [43mexport_graphviz[49m[43m([49m
[1;32m      3[0m [43m    [49m[43mclf[49m[43m,[49m
[1;32m      4[0m [43m    [49m[43mout_file[49m[43m [49m[38;5;241;43m=[39;49m[43m [49m[38;5;124;43m'[39;49m[38;5;124;43mcache/iristree.dot[39;49m[38;5;124;43m'[39;49m[43m,[49m
[1;32m      5[0m [43m    [49m[43mfeature_names[49m[43m [49m[38;5;241;43m=[39;49m[43m [49m[43m[[49m[38;5;124;43m'[39;49m[38;5;124;43mSepalLengthCm[39;49m[38;5;124;43m'[39;49m[43m,[49m[43m [49m[38;5;124;43m'[39;49m[38;5;124;43mSepalWidthCm[39;49m[38;5;124;43m'[39;49m[43m,[49m[43m [49m[38;5;124;43m'[39;49m[38;5;124;43mPetalLengthCm[39;49m[38;5;124;43m'[39;49m[43m,[49m[43m [49m[38;5;124;43m'[39;49m[38;5;124;43mPetalWidthCm[39;49m[38;5;124;43m'[39;49m[43m][49m[43m,[49m
[1;32m      6[0m [43m    [49m[43mclass_names[49m[43m [49m[38;5;241;43m=[39;49m[43m [49m[43m[[49m[38;5;124;43m'[39;49m[38;5;124;43mIris-setosa[39;49m[38;5;124;43m'[39;49m[43m,[49m[43m [49m[38;5;124;43m'[39;49m[38;5;124;43mIris-versicolor[39;49m[38;5;124;43m'[39;49m[43m,[49m[43m [49m[38;5;124;43m'[39;49m[38;5;124;43mIris-virginica[39;49m[38;5;124;43m'[39;49m[43m [49m[43m][49m[43m,[49m
[1;32m      7[0m [43m    [49m[43mrounded[49m[38;5;241;43m=[39;49m[43m [49m[38;5;28;43;01mTrue[39;49;00m[43m,[49m
[1;32m      8[0m [43m    [49m[43mfilled[49m[43m [49m[38;5;241;43m=[39;49m[38;5;28;43;01mTrue[39;49;00m[43m)[49m

File [0;32m/run/media/officestorage/karya/blog/libs/lib/python3.11/site-packages/sklearn/utils/_param_validation.py:213[0m, in [0;36mvalidate_params.<locals>.decorator.<locals>.wrapper[0;34m(*args, **kwargs)[0m
[1;32m    207[0m [38;5;28;01mtry[39;00m:
[1;32m    208[0m     [38;5;28;01mwith[39;00m config_context(
[1;32m    209[0m         skip_parameter_validation[38;5;241m=[39m(
[1;32m    210[0m             prefer_skip_nested_validation [38;5;129;01mor[39;00m global_skip_validation
[1;32m    211[0m         )
[1;32m    212[0m     ):
[0;32m--> 213[0m         [38;5;28;01mreturn[39;00m [43mfunc[49m[43m([49m[38;5;241;43m*[39;49m[43margs[49m[43m,[49m[43m [49m[38;5;241;43m*[39;49m[38;5;241;43m*[39;49m[43mkwargs[49m[43m)[49m
[1;32m    214[0m [38;5;28;01mexcept[39;00m InvalidParameterError [38;5;28;01mas[39;00m e:
[1;32m    215[0m     [38;5;66;03m# When the function is just a wrapper around an estimator, we allow[39;00m
[1;32m    216[0m     [38;5;66;03m# the function to delegate validation to the estimator, but we replace[39;00m
[1;32m    217[0m     [38;5;66;03m# the name of the estimator by the name of the function in the error[39;00m
[1;32m    218[0m     [38;5;66;03m# message to avoid confusion.[39;00m
[1;32m    219[0m     msg [38;5;241m=[39m re[38;5;241m.[39msub(
[1;32m    220[0m         [38;5;124mr[39m[38;5;124m"[39m[38;5;124mparameter of [39m[38;5;124m\[39m[38;5;124mw+ must be[39m[38;5;124m"[39m,
[1;32m    221[0m         [38;5;124mf[39m[38;5;124m"[39m[38;5;124mparameter of [39m[38;5;132;01m{[39;00mfunc[38;5;241m.[39m[38;5;18m__qualname__[39m[38;5;132;01m}[39;00m[38;5;124m must be[39m[38;5;124m"[39m,
[1;32m    222[0m         [38;5;28mstr[39m(e),
[1;32m    223[0m     )

File [0;32m/run/media/officestorage/karya/blog/libs/lib/python3.11/site-packages/sklearn/tree/_export.py:906[0m, in [0;36mexport_graphviz[0;34m(decision_tree, out_file, max_depth, feature_names, class_names, label, filled, leaves_parallel, impurity, node_ids, proportion, rotate, rounded, special_characters, precision, fontname)[0m
[1;32m    904[0m [38;5;28;01mtry[39;00m:
[1;32m    905[0m     [38;5;28;01mif[39;00m [38;5;28misinstance[39m(out_file, [38;5;28mstr[39m):
[0;32m--> 906[0m         out_file [38;5;241m=[39m [38;5;28;43mopen[39;49m[43m([49m[43mout_file[49m[43m,[49m[43m [49m[38;5;124;43m"[39;49m[38;5;124;43mw[39;49m[38;5;124;43m"[39;49m[43m,[49m[43m [49m[43mencoding[49m[38;5;241;43m=[39;49m[38;5;124;43m"[39;49m[38;5;124;43mutf-8[39;49m[38;5;124;43m"[39;49m[43m)[49m
[1;32m    907[0m         own_file [38;5;241m=[39m [38;5;28;01mTrue[39;00m
[1;32m    909[0m     [38;5;28;01mif[39;00m out_file [38;5;129;01mis[39;00m [38;5;28;01mNone[39;00m:

[0;31mFileNotFoundError[0m: [Errno 2] No such file or directory: 'cache/iristree.dot'

